#
# There is insufficient memory for the Java Runtime Environment to continue.
# Native memory allocation (mmap) failed to map 132120576 bytes for G1 virtual space
# Possible reasons:
#   The system is out of physical RAM or swap space
#   The process is running with CompressedOops enabled, and the Java Heap may be blocking the growth of the native heap
# Possible solutions:
#   Reduce memory load on the system
#   Increase physical memory or swap space
#   Check if swap backing store is full
#   Decrease Java heap size (-Xmx/-Xms)
#   Decrease number of Java threads
#   Decrease Java thread stack sizes (-Xss)
#   Set larger code cache with -XX:ReservedCodeCacheSize=
#   JVM is running with Unscaled Compressed Oops mode in which the Java heap is
#     placed in the first 4GB address space. The Java Heap base address is the
#     maximum limit for the native heap growth. Please use -XX:HeapBaseMinAddress
#     to set the Java Heap base and to place the Java Heap above 4GB virtual address.
# This output file may be truncated or incomplete.
#
#  Out of Memory Error (os_windows.cpp:3613), pid=32072, tid=2180
#
# JRE version:  (17.0.10+7) (build )
# Java VM: OpenJDK 64-Bit Server VM (17.0.10+7, mixed mode, sharing, tiered, compressed oops, compressed class ptrs, g1 gc, windows-amd64)
# No core dump will be written. Minidumps are not enabled by default on client versions of Windows
#

---------------  S U M M A R Y ------------

Command Line: -Dfile.encoding=UTF-8 -Dstdout.encoding=UTF-8 -Dstderr.encoding=UTF-8 -XX:+ShowCodeDetailsInExceptionMessages application.Menu

Host: Intel(R) Core(TM) i7-8565U CPU @ 1.80GHz, 8 cores, 7G,  Windows 11 , 64 bit Build 22621 (10.0.22621.3672)
Time: Thu Jun 20 11:27:38 2024 Hora oficial do Brasil elapsed time: 0.051730 seconds (0d 0h 0m 0s)

---------------  T H R E A D  ---------------

Current thread (0x000001d403978410):  JavaThread "Unknown thread" [_thread_in_vm, id=2180, stack(0x0000001426c00000,0x0000001426d00000)]

Stack: [0x0000001426c00000,0x0000001426d00000]
Native frames: (J=compiled Java code, j=interpreted, Vv=VM code, C=native code)
V  [jvm.dll+0x67d2c9]
V  [jvm.dll+0x834afa]
V  [jvm.dll+0x8365be]
V  [jvm.dll+0x836c23]
V  [jvm.dll+0x2477ff]
V  [jvm.dll+0x67a109]
V  [jvm.dll+0x66eb7a]
V  [jvm.dll+0x30764b]
V  [jvm.dll+0x30eaf6]
V  [jvm.dll+0x35e83e]
V  [jvm.dll+0x35ea6f]
V  [jvm.dll+0x2de248]
V  [jvm.dll+0x2df1b4]
V  [jvm.dll+0x806361]
V  [jvm.dll+0x36c6f1]
V  [jvm.dll+0x7e4e06]
V  [jvm.dll+0x3eff3f]
V  [jvm.dll+0x3f1b71]
C  [jli.dll+0x528f]
C  [ucrtbase.dll+0x29333]
C  [KERNEL32.DLL+0x1257d]
C  [ntdll.dll+0x5af28]


---------------  P R O C E S S  ---------------

Threads class SMR info:
_java_thread_list=0x00007ff9d0e6ee98, length=0, elements={
}

Java Threads: ( => current thread )

Other Threads:
  0x000001d4039d3420 GCTaskThread "GC Thread#0" [stack: 0x0000001426d00000,0x0000001426e00000] [id=14344]
  0x000001d4039e3ef0 ConcurrentGCThread "G1 Main Marker" [stack: 0x0000001426e00000,0x0000001426f00000] [id=27560]
  0x000001d4039e4910 ConcurrentGCThread "G1 Conc#0" [stack: 0x0000001426f00000,0x0000001427000000] [id=28088]

[error occurred during error reporting (printing all threads), id 0xc0000005, EXCEPTION_ACCESS_VIOLATION (0xc0000005) at pc=0x00007ff9d062ec87]

VM state: not at safepoint (not fully initialized)

VM Mutex/Monitor currently owned by a thread:  ([mutex/lock_event])
[0x000001d4039734d0] Heap_lock - owner thread: 0x000001d403978410

Heap address: 0x0000000082400000, size: 2012 MB, Compressed Oops mode: 32-bit

CDS archive(s) mapped at: [0x0000000000000000-0x0000000000000000-0x0000000000000000), size 0, SharedBaseAddress: 0x0000000800000000, ArchiveRelocationMode: 1.
Narrow klass base: 0x0000000000000000, Narrow klass shift: 0, Narrow klass range: 0x0

GC Precious Log:
<Empty>

Heap:
 garbage-first heap   total 0K, used 0K [0x0000000082400000, 0x0000000100000000)
  region size 1024K, 0 young (0K), 0 survivors (0K)

[error occurred during error reporting (printing heap information), id 0xc0000005, EXCEPTION_ACCESS_VIOLATION (0xc0000005) at pc=0x00007ff9d0a16fb9]

GC Heap History (0 events):
No events

Dll operation events (1 events):
Event: 0.009 Loaded shared library C:\eclipse\plugins\org.eclipse.justj.openjdk.hotspot.jre.full.win32.x86_64_17.0.10.v20240120-1143\jre\bin\java.dll

Deoptimization events (0 events):
No events

Classes unloaded (0 events):
No events

Classes redefined (0 events):
No events

Internal exceptions (0 events):
No events

VM Operations (0 events):
No events

Events (0 events):
No events


Dynamic libraries:
0x00007ff7d9e80000 - 0x00007ff7d9e8e000 	C:\eclipse\plugins\org.eclipse.justj.openjdk.hotspot.jre.full.win32.x86_64_17.0.10.v20240120-1143\jre\bin\javaw.exe
0x00007ffa1adf0000 - 0x00007ffa1b007000 	C:\WINDOWS\SYSTEM32\ntdll.dll
0x00007ffa191c0000 - 0x00007ffa19284000 	C:\WINDOWS\System32\KERNEL32.DLL
0x00007ffa18120000 - 0x00007ffa184cc000 	C:\WINDOWS\System32\KERNELBASE.dll
0x00007ffa18950000 - 0x00007ffa18a61000 	C:\WINDOWS\System32\ucrtbase.dll
0x00007ffa07bd0000 - 0x00007ffa07beb000 	C:\eclipse\plugins\org.eclipse.justj.openjdk.hotspot.jre.full.win32.x86_64_17.0.10.v20240120-1143\jre\bin\VCRUNTIME140.dll
0x00007ffa02790000 - 0x00007ffa027a7000 	C:\eclipse\plugins\org.eclipse.justj.openjdk.hotspot.jre.full.win32.x86_64_17.0.10.v20240120-1143\jre\bin\jli.dll
0x00007ffa196f0000 - 0x00007ffa1989e000 	C:\WINDOWS\System32\USER32.dll
0x00007ffa185c0000 - 0x00007ffa185e6000 	C:\WINDOWS\System32\win32u.dll
0x00007ffa01e20000 - 0x00007ffa020b3000 	C:\WINDOWS\WinSxS\amd64_microsoft.windows.common-controls_6595b64144ccf1df_6.0.22621.3672_none_2713b9d173822955\COMCTL32.dll
0x00007ffa1ad80000 - 0x00007ffa1ada9000 	C:\WINDOWS\System32\GDI32.dll
0x00007ffa1acd0000 - 0x00007ffa1ad77000 	C:\WINDOWS\System32\msvcrt.dll
0x00007ffa18800000 - 0x00007ffa18919000 	C:\WINDOWS\System32\gdi32full.dll
0x00007ffa185f0000 - 0x00007ffa1868a000 	C:\WINDOWS\System32\msvcp_win.dll
0x00007ffa192f0000 - 0x00007ffa19321000 	C:\WINDOWS\System32\IMM32.DLL
0x00007ffa0b730000 - 0x00007ffa0b73c000 	C:\eclipse\plugins\org.eclipse.justj.openjdk.hotspot.jre.full.win32.x86_64_17.0.10.v20240120-1143\jre\bin\vcruntime140_1.dll
0x00007ff9ff390000 - 0x00007ff9ff41d000 	C:\eclipse\plugins\org.eclipse.justj.openjdk.hotspot.jre.full.win32.x86_64_17.0.10.v20240120-1143\jre\bin\msvcp140.dll
0x00007ff9d0340000 - 0x00007ff9d0fa2000 	C:\eclipse\plugins\org.eclipse.justj.openjdk.hotspot.jre.full.win32.x86_64_17.0.10.v20240120-1143\jre\bin\server\jvm.dll
0x00007ffa1a540000 - 0x00007ffa1a5f2000 	C:\WINDOWS\System32\ADVAPI32.dll
0x00007ffa19100000 - 0x00007ffa191aa000 	C:\WINDOWS\System32\sechost.dll
0x00007ffa18920000 - 0x00007ffa18948000 	C:\WINDOWS\System32\bcrypt.dll
0x00007ffa193e0000 - 0x00007ffa194f5000 	C:\WINDOWS\System32\RPCRT4.dll
0x00007ffa0d040000 - 0x00007ffa0d049000 	C:\WINDOWS\SYSTEM32\WSOCK32.dll
0x00007ffa17fe0000 - 0x00007ffa1802d000 	C:\WINDOWS\SYSTEM32\POWRPROF.dll
0x00007ffa0dcc0000 - 0x00007ffa0dcf4000 	C:\WINDOWS\SYSTEM32\WINMM.dll
0x00007ffa18f20000 - 0x00007ffa18f91000 	C:\WINDOWS\System32\WS2_32.dll
0x00007ffa0c370000 - 0x00007ffa0c37a000 	C:\WINDOWS\SYSTEM32\VERSION.dll
0x00007ffa17fc0000 - 0x00007ffa17fd3000 	C:\WINDOWS\SYSTEM32\UMPDC.dll
0x00007ffa17110000 - 0x00007ffa17128000 	C:\WINDOWS\SYSTEM32\kernel.appcore.dll
0x00007ffa0d030000 - 0x00007ffa0d03a000 	C:\eclipse\plugins\org.eclipse.justj.openjdk.hotspot.jre.full.win32.x86_64_17.0.10.v20240120-1143\jre\bin\jimage.dll
0x00007ffa12b60000 - 0x00007ffa12d92000 	C:\WINDOWS\SYSTEM32\DBGHELP.DLL
0x00007ffa18b30000 - 0x00007ffa18eb8000 	C:\WINDOWS\System32\combase.dll
0x00007ffa1a460000 - 0x00007ffa1a537000 	C:\WINDOWS\System32\OLEAUT32.dll
0x00007ffa0afc0000 - 0x00007ffa0aff2000 	C:\WINDOWS\SYSTEM32\dbgcore.DLL
0x00007ffa184d0000 - 0x00007ffa1854b000 	C:\WINDOWS\System32\bcryptPrimitives.dll
0x00007ffa0cff0000 - 0x00007ffa0d015000 	C:\eclipse\plugins\org.eclipse.justj.openjdk.hotspot.jre.full.win32.x86_64_17.0.10.v20240120-1143\jre\bin\java.dll

dbghelp: loaded successfully - version: 4.0.5 - missing functions: none
symbol engine: initialized successfully - sym options: 0x614 - pdb path: .;C:\eclipse\plugins\org.eclipse.justj.openjdk.hotspot.jre.full.win32.x86_64_17.0.10.v20240120-1143\jre\bin;C:\WINDOWS\SYSTEM32;C:\WINDOWS\WinSxS\amd64_microsoft.windows.common-controls_6595b64144ccf1df_6.0.22621.3672_none_2713b9d173822955;C:\eclipse\plugins\org.eclipse.justj.openjdk.hotspot.jre.full.win32.x86_64_17.0.10.v20240120-1143\jre\bin\server

VM Arguments:
jvm_args: -Dfile.encoding=UTF-8 -Dstdout.encoding=UTF-8 -Dstderr.encoding=UTF-8 -XX:+ShowCodeDetailsInExceptionMessages 
java_command: application.Menu
java_class_path (initial): C:\Users\rhais\OneDrive\Área de Trabalho\Eclipse\generation_brasil\projeto_final_bloco_01\ecommerce\bin
Launcher Type: SUN_STANDARD

[Global flags]
     intx CICompilerCount                          = 4                                         {product} {ergonomic}
     uint ConcGCThreads                            = 2                                         {product} {ergonomic}
     uint G1ConcRefinementThreads                  = 8                                         {product} {ergonomic}
   size_t G1HeapRegionSize                         = 1048576                                   {product} {ergonomic}
    uintx GCDrainStackTargetSize                   = 64                                        {product} {ergonomic}
   size_t InitialHeapSize                          = 132120576                                 {product} {ergonomic}
   size_t MarkStackSize                            = 4194304                                   {product} {ergonomic}
   size_t MaxHeapSize                              = 2109734912                                {product} {ergonomic}
   size_t MinHeapDeltaBytes                        = 1048576                                   {product} {ergonomic}
   size_t MinHeapSize                              = 8388608                                   {product} {ergonomic}
    uintx NonNMethodCodeHeapSize                   = 5839372                                {pd product} {ergonomic}
    uintx NonProfiledCodeHeapSize                  = 122909434                              {pd product} {ergonomic}
    uintx ProfiledCodeHeapSize                     = 122909434                              {pd product} {ergonomic}
    uintx ReservedCodeCacheSize                    = 251658240                              {pd product} {ergonomic}
     bool SegmentedCodeCache                       = true                                      {product} {ergonomic}
     bool ShowCodeDetailsInExceptionMessages       = true                                   {manageable} {command line}
   size_t SoftMaxHeapSize                          = 2109734912                             {manageable} {ergonomic}
     bool UseCompressedClassPointers               = true                           {product lp64_product} {ergonomic}
     bool UseCompressedOops                        = true                           {product lp64_product} {ergonomic}
     bool UseG1GC                                  = true                                      {product} {ergonomic}
     bool UseLargePagesIndividualAllocation        = false                                  {pd product} {ergonomic}

Logging:
Log output configuration:
 #0: stdout all=warning uptime,level,tags
 #1: stderr all=off uptime,level,tags

Environment Variables:
JAVA_HOME=C:\Program Files\Java\jdk-17.0.3.1
PATH=C:/eclipse//plugins/org.eclipse.justj.openjdk.hotspot.jre.full.win32.x86_64_17.0.10.v20240120-1143/jre/bin/server;C:/eclipse//plugins/org.eclipse.justj.openjdk.hotspot.jre.full.win32.x86_64_17.0.10.v20240120-1143/jre/bin;C:\Program Files\Common Files\Oracle\Java\javapath;C:\Windows\system32;C:\Windows;C:\Windows\System32\Wbem;C:\Windows\System32\WindowsPowerShell\v1.0\;C:\Windows\System32\OpenSSH\;C:\Program Files (x86)\NVIDIA Corporation\PhysX\Common;C:\WINDOWS\system32;C:\WINDOWS;C:\WINDOWS\System32\Wbem;C:\WINDOWS\System32\WindowsPowerShell\v1.0\;C:\WINDOWS\System32\OpenSSH\;C:\ProgramData\UNIVALI\Portugol Studio;C:\Program Files\nodejs\;C:\Program Files\Git\cmd;C:\Program Files\Java\jdk-17.0.3.1;C:\Users\rhais\AppData\Local\Microsoft\WindowsApps;;C:\Users\rhais\AppData\Local\Programs\Microsoft VS Code\bin;C:\Users\rhais\AppData\Roaming\npm;C:\eclipse;
USERNAME=rhais
OS=Windows_NT
PROCESSOR_IDENTIFIER=Intel64 Family 6 Model 142 Stepping 12, GenuineIntel
TMP=C:\Users\rhais\AppData\Local\Temp
TEMP=C:\Users\rhais\AppData\Local\Temp



Periodic native trim disabled


---------------  S Y S T E M  ---------------

OS:
 Windows 11 , 64 bit Build 22621 (10.0.22621.3672)
OS uptime: 7 days 6:17 hours
Hyper-V role detected

CPU: total 8 (initial active 8) (4 cores per cpu, 2 threads per core) family 6 model 142 stepping 12 microcode 0xde, cx8, cmov, fxsr, ht, mmx, 3dnowpref, sse, sse2, sse3, ssse3, sse4.1, sse4.2, popcnt, lzcnt, tsc, tscinvbit, avx, avx2, aes, erms, clmul, bmi1, bmi2, adx, fma, vzeroupper, clflush, clflushopt, hv
Processor Information for all 8 processors :
  Max Mhz: 1992, Current Mhz: 1792, Mhz Limit: 1792

Memory: 4k page, system-wide physical 8043M (825M free)
TotalPageFile size 24427M (AvailPageFile size 295M)
current process WorkingSet (physical memory assigned to process): 11M, peak: 11M
current process commit charge ("private bytes"): 60M, peak: 186M

vm_info: OpenJDK 64-Bit Server VM (17.0.10+7) for windows-amd64 JRE (17.0.10+7), built on Jan 16 2024 23:25:11 by "admin" with MS VC++ 16.10 / 16.11 (VS2019)

END.
